<?xml version="1.0" encoding="UTF-8"?>
<testng-results ignored="0" total="1" passed="1" failed="0" skipped="0">
  <reporter-output>
  </reporter-output>
  <suite started-at="2024-07-28T12:34:27 IST" name="Surefire suite" finished-at="2024-07-28T12:34:53 IST" duration-ms="26796">
    <groups>
    </groups>
    <test started-at="2024-07-28T12:34:27 IST" name="Surefire test" finished-at="2024-07-28T12:34:53 IST" duration-ms="26796">
      <class name="flipkart.FlipkartTest">
        <test-method is-config="true" signature="openBrowser()[pri:0, instance:flipkart.FlipkartTest@78e117e3]" started-at="2024-07-28T12:34:27 IST" name="openBrowser" finished-at="2024-07-28T12:34:28 IST" duration-ms="1674" status="PASS">
          <reporter-output>
          </reporter-output>
        </test-method> <!-- openBrowser -->
        <test-method signature="launchBrowser()[pri:0, instance:flipkart.FlipkartTest@78e117e3]" started-at="2024-07-28T12:34:28 IST" name="launchBrowser" description="Verify that user able to buy a shoe." finished-at="2024-07-28T12:34:53 IST" duration-ms="24790" status="PASS">
          <reporter-output>
          </reporter-output>
        </test-method> <!-- launchBrowser -->
        <test-method is-config="true" signature="closeBrowser()[pri:0, instance:flipkart.FlipkartTest@78e117e3]" started-at="2024-07-28T12:34:53 IST" name="closeBrowser" finished-at="2024-07-28T12:34:53 IST" duration-ms="297" status="PASS">
          <reporter-output>
          </reporter-output>
        </test-method> <!-- closeBrowser -->
      </class> <!-- flipkart.FlipkartTest -->
    </test> <!-- Surefire test -->
  </suite> <!-- Surefire suite -->
</testng-results>
